\BOOKMARK [0][-]{chapter*.3}{Introduction}{}% 1
\BOOKMARK [0][-]{chapter.1}{Problem\040Description}{}% 2
\BOOKMARK [1][-]{section.1.1}{Representation\040of\040Molecules\040and\040Polymers\040\204\040SMILES\040and\040P\205SMILES}{chapter.1}% 3
\BOOKMARK [1][-]{section.1.2}{Polymer\205Molecule\040Interactions\040in\040Wastewater\040Treatment}{chapter.1}% 4
\BOOKMARK [1][-]{section.1.3}{Selected\040Features\040and\040Targets}{chapter.1}% 5
\BOOKMARK [1][-]{section.1.4}{Related\040Work\040}{chapter.1}% 6
\BOOKMARK [0][-]{chapter.2}{Machine\040Learning\040Architectures}{}% 7
\BOOKMARK [1][-]{section.2.1}{Artificial\040Neural\040Networks\040and\040Multi\205Layer\040Perceptrons}{chapter.2}% 8
\BOOKMARK [1][-]{section.2.2}{Generative\040Pre\205trained\040Transformers\040\(GPT\)\040and\040minGPT}{chapter.2}% 9
\BOOKMARK [1][-]{section.2.3}{K\205Fold\040Cross\205Validation}{chapter.2}% 10
\BOOKMARK [0][-]{chapter.3}{Data\040Acquisition\040and\040Feature\040Engineering}{}% 11
\BOOKMARK [1][-]{section.3.1}{Literature\040Scraping\040for\040Polymer-Molecule\040Data}{chapter.3}% 12
\BOOKMARK [1][-]{section.3.2}{Overcoming\040Data\040Scarcity:\040Interpolation\040and\040Augmentation}{chapter.3}% 13
\BOOKMARK [1][-]{section.3.3}{Feature\040Extraction\040using\040RDKit,\040Polymetrix,\040and\040tblite}{chapter.3}% 14
\BOOKMARK [0][-]{chapter.4}{Generative\040Modeling\040for\040Molecular\040Discovery}{}% 15
\BOOKMARK [1][-]{section.4.1}{The\040minGPT\040Wrapper\040Implementation}{chapter.4}% 16
\BOOKMARK [1][-]{section.4.2}{Generating\040Valid\040Synthetic\040Polymer\040SMILES\040\(P-SMILES\)}{chapter.4}% 17
\BOOKMARK [1][-]{section.4.3}{Evaluation\040of\040Generated\040P-SMILES}{chapter.4}% 18
\BOOKMARK [1][-]{section.4.4}{Integration\040with\040the\040Discovery\040Pipeline}{chapter.4}% 19
\BOOKMARK [0][-]{chapter.5}{Predictive\040Modeling\040of\040Absorption\040Capacity}{}% 20
\BOOKMARK [1][-]{section.5.1}{Experimental\040Setup\040for\040the\040MLP}{chapter.5}% 21
\BOOKMARK [1][-]{section.5.2}{Addressing\040the\040Small\040Dataset\040Challenge}{chapter.5}% 22
\BOOKMARK [1][-]{section.5.3}{Cross-Validation\040Results\040and\040Performance\040Metrics}{chapter.5}% 23
\BOOKMARK [1][-]{section.5.4}{Discussion\040of\040Model\040Limitations\040and\040Predictive\040Feasibility}{chapter.5}% 24
\BOOKMARK [1][-]{section.5.5}{Polymer\040Filtering\040Based\040on\040Chemical\040Properties}{chapter.5}% 25
\BOOKMARK [1][-]{section.5.6}{The\040Integrated\040Discovery\040Pipeline}{chapter.5}% 26
\BOOKMARK [0][-]{chapter.6}{Conclusions\040and\040Future\040Work}{}% 27
\BOOKMARK [1][-]{section.6.1}{Summary\040of\040Contributions}{chapter.6}% 28
\BOOKMARK [1][-]{section.6.2}{Limitations\040and\040Challenges}{chapter.6}% 29
\BOOKMARK [1][-]{section.6.3}{Future\040Research\040Directions}{chapter.6}% 30
\BOOKMARK [1][-]{section.6.4}{Closing\040Remarks}{chapter.6}% 31
\BOOKMARK [0][-]{chapter*.12}{References}{}% 32
\BOOKMARK [0][-]{chapter*.13}{Acknowledgements}{}% 33
