INFO:  latexindent version 3.23.6, 2024-01-17, a script to indent .tex files
       latexindent lives here: /usr/share/texlive/texmf-dist/scripts/latexindent/
       Tue Mar 31 18:52:06 2026
       Filename: /home/uomocosa/Syncthing/[TeX] LaTeX/Master Thesis (git)/CHAPTERS/predictive_modeling.tex
INFO:  Processing switches:
       -s|--silent: Silent mode active (you have used either -s or --silent)
       -w|--overwrite: Overwrite mode active, will make a back up before overwriting
INFO:  Directory for backup files and indent.log:
       /home/uomocosa/Syncthing/[TeX] LaTeX/Master Thesis (git)/CHAPTERS
INFO:  YAML settings read: defaultSettings.yaml
       Reading defaultSettings.yaml from /usr/share/texlive/texmf-dist/scripts/latexindent/defaultSettings.yaml
INFO:  YAML reading settings
       Home directory is /home/uomocosa
       latexindent.pl didn't find indentconfig.yaml or .indentconfig.yaml
       see all possible locations: https://latexindentpl.readthedocs.io/en/latest/sec-appendices.html#indentconfig-options)
INFO:  Backup procedure (-w flag active):
       /home/uomocosa/Syncthing/[TeX] LaTeX/Master Thesis (git)/CHAPTERS/predictive_modeling.bak0 already exists, incrementing by 1 (see maxNumberOfBackUps)
       /home/uomocosa/Syncthing/[TeX] LaTeX/Master Thesis (git)/CHAPTERS/predictive_modeling.bak1 already exists, incrementing by 1 (see maxNumberOfBackUps)
       /home/uomocosa/Syncthing/[TeX] LaTeX/Master Thesis (git)/CHAPTERS/predictive_modeling.bak2 already exists, incrementing by 1 (see maxNumberOfBackUps)
       Backing up /home/uomocosa/Syncthing/[TeX] LaTeX/Master Thesis (git)/CHAPTERS/predictive_modeling.tex to /home/uomocosa/Syncthing/[TeX] LaTeX/Master Thesis (git)/CHAPTERS/predictive_modeling.bak3...
       /home/uomocosa/Syncthing/[TeX] LaTeX/Master Thesis (git)/CHAPTERS/predictive_modeling.tex will be overwritten after indentation
INFO:  Phase 1: searching for objects
INFO:  Phase 2: finding surrounding indentation
INFO:  Phase 3: indenting objects
INFO:  Phase 4: final indentation check
INFO:  Output routine:
       Overwriting file /home/uomocosa/Syncthing/[TeX] LaTeX/Master Thesis (git)/CHAPTERS/predictive_modeling.tex
       --------------
INFO:  Please direct all communication/issues to:
        https://github.com/cmhughes/latexindent.pl
